This is XeTeX, Version 3.141592653-2.6-0.999995 (TeX Live 2023) (preloaded format=xelatex 2023.9.26)  14 DEC 2023 12:51
entering extended mode
 restricted \write18 enabled.
 %&-line parsing enabled.
**公交安全管理系统报告.tex
(./公交安全管理系统报告.tex
LaTeX2e <2022-11-01> patch level 1
L3 programming layer <2023-02-22>
(e:/0_General/Environment/Texlive/2023/texmf-dist/tex/latex/base/article.cls
Document Class: article 2022/07/02 v1.4n Standard LaTeX document class
(e:/0_General/Environment/Texlive/2023/texmf-dist/tex/latex/base/size10.clo
File: size10.clo 2022/07/02 v1.4n Standard LaTeX file (size option)
)
\c@part=\count181
\c@section=\count182
\c@subsection=\count183
\c@subsubsection=\count184
\c@paragraph=\count185
\c@subparagraph=\count186
\c@figure=\count187
\c@table=\count188
\abovecaptionskip=\skip48
\belowcaptionskip=\skip49
\bibindent=\dimen140
)
(e:/0_General/Environment/Texlive/2023/texmf-dist/tex/latex/ctex/ctex.sty
(e:/0_General/Environment/Texlive/2023/texmf-dist/tex/latex/l3kernel/expl3.sty
Package: expl3 2023-02-22 L3 programming layer (loader) 

(e:/0_General/Environment/Texlive/2023/texmf-dist/tex/latex/l3backend/l3backend
-xetex.def
File: l3backend-xetex.def 2023-01-16 L3 backend support: XeTeX
\g__graphics_track_int=\count189
\l__pdf_internal_box=\box51
\g__pdf_backend_object_int=\count190
\g__pdf_backend_annotation_int=\count191
\g__pdf_backend_link_int=\count192
))
Package: ctex 2022/07/14 v2.5.10 Chinese adapter in LaTeX (CTEX)

(e:/0_General/Environment/Texlive/2023/texmf-dist/tex/latex/ctex/ctexhook.sty
Package: ctexhook 2022/07/14 v2.5.10 Document and package hooks (CTEX)
)
(e:/0_General/Environment/Texlive/2023/texmf-dist/tex/latex/ctex/ctexpatch.sty
Package: ctexpatch 2022/07/14 v2.5.10 Patching commands (CTEX)
) (e:/0_General/Environment/Texlive/2023/texmf-dist/tex/latex/base/fix-cm.sty
Package: fix-cm 2020/11/24 v1.1t fixes to LaTeX

(e:/0_General/Environment/Texlive/2023/texmf-dist/tex/latex/base/ts1enc.def
File: ts1enc.def 2001/06/05 v3.0e (jk/car/fm) Standard LaTeX file
LaTeX Font Info:    Redeclaring font encoding TS1 on input line 47.
))
\l__ctex_tmp_int=\count193
\l__ctex_tmp_box=\box52
\l__ctex_tmp_dim=\dimen141
\g__ctex_section_depth_int=\count194
\g__ctex_font_size_int=\count195

(e:/0_General/Environment/Texlive/2023/texmf-dist/tex/latex/ctex/config/ctexopt
s.cfg
File: ctexopts.cfg 2022/07/14 v2.5.10 Option configuration file (CTEX)
)
(e:/0_General/Environment/Texlive/2023/texmf-dist/tex/latex/ctex/engine/ctex-en
gine-xetex.def
File: ctex-engine-xetex.def 2022/07/14 v2.5.10 XeLaTeX adapter (CTEX)

(e:/0_General/Environment/Texlive/2023/texmf-dist/tex/xelatex/xecjk/xeCJK.sty
Package: xeCJK 2022/08/05 v3.9.1 Typesetting CJK scripts with XeLaTeX

(e:/0_General/Environment/Texlive/2023/texmf-dist/tex/latex/l3packages/xtemplat
e/xtemplate.sty
Package: xtemplate 2023-02-02 L3 Experimental prototype document functions
\l__xtemplate_tmp_dim=\dimen142
\l__xtemplate_tmp_int=\count196
\l__xtemplate_tmp_muskip=\muskip16
\l__xtemplate_tmp_skip=\skip50
)
\l__xeCJK_tmp_int=\count197
\l__xeCJK_tmp_box=\box53
\l__xeCJK_tmp_dim=\dimen143
\l__xeCJK_tmp_skip=\skip51
\g__xeCJK_space_factor_int=\count198
\l__xeCJK_begin_int=\count199
\l__xeCJK_end_int=\count266
\c__xeCJK_CJK_class_int=\XeTeXcharclass1
\c__xeCJK_FullLeft_class_int=\XeTeXcharclass2
\c__xeCJK_FullRight_class_int=\XeTeXcharclass3
\c__xeCJK_HalfLeft_class_int=\XeTeXcharclass4
\c__xeCJK_HalfRight_class_int=\XeTeXcharclass5
\c__xeCJK_NormalSpace_class_int=\XeTeXcharclass6
\c__xeCJK_CM_class_int=\XeTeXcharclass7
\c__xeCJK_HangulJamo_class_int=\XeTeXcharclass8
\l__xeCJK_last_skip=\skip52
\c__xeCJK_none_node=\count267
\g__xeCJK_node_int=\count268
\c__xeCJK_CJK_node_dim=\dimen144
\c__xeCJK_CJK-space_node_dim=\dimen145
\c__xeCJK_default_node_dim=\dimen146
\c__xeCJK_CJK-widow_node_dim=\dimen147
\c__xeCJK_normalspace_node_dim=\dimen148
\c__xeCJK_default-space_node_skip=\skip53
\l__xeCJK_ccglue_skip=\skip54
\l__xeCJK_ecglue_skip=\skip55
\l__xeCJK_punct_kern_skip=\skip56
\l__xeCJK_indent_box=\box54
\l__xeCJK_last_penalty_int=\count269
\l__xeCJK_last_bound_dim=\dimen149
\l__xeCJK_last_kern_dim=\dimen150
\l__xeCJK_widow_penalty_int=\count270

Package xtemplate Info: Declaring object type 'xeCJK/punctuation' taking 0
(xtemplate)             argument(s) on line 2396.

\l__xeCJK_fixed_punct_width_dim=\dimen151
\l__xeCJK_mixed_punct_width_dim=\dimen152
\l__xeCJK_middle_punct_width_dim=\dimen153
\l__xeCJK_fixed_margin_width_dim=\dimen154
\l__xeCJK_mixed_margin_width_dim=\dimen155
\l__xeCJK_middle_margin_width_dim=\dimen156
\l__xeCJK_bound_punct_width_dim=\dimen157
\l__xeCJK_bound_margin_width_dim=\dimen158
\l__xeCJK_margin_minimum_dim=\dimen159
\l__xeCJK_kerning_total_width_dim=\dimen160
\l__xeCJK_same_align_margin_dim=\dimen161
\l__xeCJK_different_align_margin_dim=\dimen162
\l__xeCJK_kerning_margin_width_dim=\dimen163
\l__xeCJK_kerning_margin_minimum_dim=\dimen164
\l__xeCJK_bound_dim=\dimen165
\l__xeCJK_reverse_bound_dim=\dimen166
\l__xeCJK_margin_dim=\dimen167
\l__xeCJK_minimum_bound_dim=\dimen168
\l__xeCJK_kerning_margin_dim=\dimen169
\g__xeCJK_family_int=\count271
\l__xeCJK_fam_int=\count272
\g__xeCJK_fam_allocation_int=\count273
\l__xeCJK_verb_case_int=\count274
\l__xeCJK_verb_exspace_skip=\skip57

(e:/0_General/Environment/Texlive/2023/texmf-dist/tex/latex/fontspec/fontspec.s
ty
(e:/0_General/Environment/Texlive/2023/texmf-dist/tex/latex/l3packages/xparse/x
parse.sty
Package: xparse 2023-02-02 L3 Experimental document command parser
)
Package: fontspec 2022/01/15 v2.8a Font selection for XeLaTeX and LuaLaTeX

(e:/0_General/Environment/Texlive/2023/texmf-dist/tex/latex/fontspec/fontspec-x
etex.sty
Package: fontspec-xetex 2022/01/15 v2.8a Font selection for XeLaTeX and LuaLaTe
X
\l__fontspec_script_int=\count275
\l__fontspec_language_int=\count276
\l__fontspec_strnum_int=\count277
\l__fontspec_tmp_int=\count278
\l__fontspec_tmpa_int=\count279
\l__fontspec_tmpb_int=\count280
\l__fontspec_tmpc_int=\count281
\l__fontspec_em_int=\count282
\l__fontspec_emdef_int=\count283
\l__fontspec_strong_int=\count284
\l__fontspec_strongdef_int=\count285
\l__fontspec_tmpa_dim=\dimen170
\l__fontspec_tmpb_dim=\dimen171
\l__fontspec_tmpc_dim=\dimen172

(e:/0_General/Environment/Texlive/2023/texmf-dist/tex/latex/base/fontenc.sty
Package: fontenc 2021/04/29 v2.0v Standard LaTeX package
)
(e:/0_General/Environment/Texlive/2023/texmf-dist/tex/latex/fontspec/fontspec.c
fg)))
(e:/0_General/Environment/Texlive/2023/texmf-dist/tex/xelatex/xecjk/xeCJK.cfg
File: xeCJK.cfg 2022/08/05 v3.9.1 Configuration file for xeCJK package
))
\ccwd=\dimen173
\l__ctex_ccglue_skip=\skip58
)
\l__ctex_ziju_dim=\dimen174

(e:/0_General/Environment/Texlive/2023/texmf-dist/tex/latex/zhnumber/zhnumber.s
ty
Package: zhnumber 2022/07/14 v3.0 Typesetting numbers with Chinese glyphs
\l__zhnum_scale_int=\count286
\l__zhnum_tmp_int=\count287

(e:/0_General/Environment/Texlive/2023/texmf-dist/tex/latex/zhnumber/zhnumber-u
tf8.cfg
File: zhnumber-utf8.cfg 2022/07/14 v3.0 Chinese numerals with UTF8 encoding
))
(e:/0_General/Environment/Texlive/2023/texmf-dist/tex/latex/ctex/scheme/ctex-sc
heme-chinese.def
File: ctex-scheme-chinese.def 2022/07/14 v2.5.10 Chinese scheme for generic (CT
EX)

(e:/0_General/Environment/Texlive/2023/texmf-dist/tex/latex/ctex/config/ctex-na
me-utf8.cfg
File: ctex-name-utf8.cfg 2022/07/14 v2.5.10 Caption with encoding UTF-8 (CTEX)
))
(e:/0_General/Environment/Texlive/2023/texmf-dist/tex/latex/tools/indentfirst.s
ty
Package: indentfirst 1995/11/23 v1.03 Indent first paragraph (DPC)
)
(e:/0_General/Environment/Texlive/2023/texmf-dist/tex/latex/ctex/ctex-c5size.cl
o
File: ctex-c5size.clo 2022/07/14 v2.5.10 c5size option (CTEX)
)
(e:/0_General/Environment/Texlive/2023/texmf-dist/tex/latex/ctex/fontset/ctex-f
ontset-windows.def
File: ctex-fontset-windows.def 2022/07/14 v2.5.10 Windows fonts definition (CTE
X)

Package fontspec Info: Could not resolve font "KaiTi/B" (it probably doesn't
(fontspec)             exist).


Package fontspec Info: Could not resolve font "SimHei/I" (it probably doesn't
(fontspec)             exist).


Package fontspec Info: Could not resolve font "SimSun/BI" (it probably doesn't
(fontspec)             exist).


Package fontspec Info: Font family 'SimSun(0)' created for font 'SimSun' with
(fontspec)             options
(fontspec)             [Script={CJK},BoldFont={SimHei},ItalicFont={KaiTi}].
(fontspec)              
(fontspec)              This font family consists of the following NFSS
(fontspec)             series/shapes:
(fontspec)              
(fontspec)             - 'normal' (m/n) with NFSS spec.:
(fontspec)             <->"SimSun/OT:script=hani;language=dflt;"
(fontspec)             - 'small caps'  (m/sc) with NFSS spec.: 
(fontspec)             - 'bold' (b/n) with NFSS spec.:
(fontspec)             <->"SimHei/OT:script=hani;language=dflt;"
(fontspec)             - 'bold small caps'  (b/sc) with NFSS spec.: 
(fontspec)             - 'italic' (m/it) with NFSS spec.:
(fontspec)             <->"KaiTi/OT:script=hani;language=dflt;"
(fontspec)             - 'italic small caps'  (m/scit) with NFSS spec.: 

))
(e:/0_General/Environment/Texlive/2023/texmf-dist/tex/latex/ctex/config/ctex.cf
g
File: ctex.cfg 2022/07/14 v2.5.10 Configuration file (CTEX)
)
(e:/0_General/Environment/Texlive/2023/texmf-dist/tex/latex/graphics/graphicx.s
ty
Package: graphicx 2021/09/16 v1.2d Enhanced LaTeX Graphics (DPC,SPQR)

(e:/0_General/Environment/Texlive/2023/texmf-dist/tex/latex/graphics/keyval.sty
Package: keyval 2022/05/29 v1.15 key=value parser (DPC)
\KV@toks@=\toks16
)
(e:/0_General/Environment/Texlive/2023/texmf-dist/tex/latex/graphics/graphics.s
ty
Package: graphics 2022/03/10 v1.4e Standard LaTeX Graphics (DPC,SPQR)

(e:/0_General/Environment/Texlive/2023/texmf-dist/tex/latex/graphics/trig.sty
Package: trig 2021/08/11 v1.11 sin cos tan (DPC)
)
(e:/0_General/Environment/Texlive/2023/texmf-dist/tex/latex/graphics-cfg/graphi
cs.cfg
File: graphics.cfg 2016/06/04 v1.11 sample graphics configuration
)
Package graphics Info: Driver file: xetex.def on input line 107.

(e:/0_General/Environment/Texlive/2023/texmf-dist/tex/latex/graphics-def/xetex.
def
File: xetex.def 2022/09/22 v5.0n Graphics/color driver for xetex
))
\Gin@req@height=\dimen175
\Gin@req@width=\dimen176
)
(e:/0_General/Environment/Texlive/2023/texmf-dist/tex/latex/float/float.sty
Package: float 2001/11/08 v1.3d Float enhancements (AL)
\c@float@type=\count288
\float@exts=\toks17
\float@box=\box55
\@float@everytoks=\toks18
\@floatcapt=\box56
)
(e:/0_General/Environment/Texlive/2023/texmf-dist/tex/latex/hyperref/hyperref.s
ty
Package: hyperref 2023-02-07 v7.00v Hypertext links for LaTeX

(e:/0_General/Environment/Texlive/2023/texmf-dist/tex/generic/ltxcmds/ltxcmds.s
ty
Package: ltxcmds 2020-05-10 v1.25 LaTeX kernel commands for general use (HO)
)
(e:/0_General/Environment/Texlive/2023/texmf-dist/tex/generic/iftex/iftex.sty
Package: iftex 2022/02/03 v1.0f TeX engine tests
)
(e:/0_General/Environment/Texlive/2023/texmf-dist/tex/generic/pdftexcmds/pdftex
cmds.sty
Package: pdftexcmds 2020-06-27 v0.33 Utility functions of pdfTeX for LuaTeX (HO
)

(e:/0_General/Environment/Texlive/2023/texmf-dist/tex/generic/infwarerr/infware
rr.sty
Package: infwarerr 2019/12/03 v1.5 Providing info/warning/error messages (HO)
)
Package pdftexcmds Info: \pdf@primitive is available.
Package pdftexcmds Info: \pdf@ifprimitive is available.
Package pdftexcmds Info: \pdfdraftmode not found.
)
(e:/0_General/Environment/Texlive/2023/texmf-dist/tex/latex/kvsetkeys/kvsetkeys
.sty
Package: kvsetkeys 2022-10-05 v1.19 Key value parser (HO)
)
(e:/0_General/Environment/Texlive/2023/texmf-dist/tex/generic/kvdefinekeys/kvde
finekeys.sty
Package: kvdefinekeys 2019-12-19 v1.6 Define keys (HO)
)
(e:/0_General/Environment/Texlive/2023/texmf-dist/tex/generic/pdfescape/pdfesca
pe.sty
Package: pdfescape 2019/12/09 v1.15 Implements pdfTeX's escape features (HO)
)
(e:/0_General/Environment/Texlive/2023/texmf-dist/tex/latex/hycolor/hycolor.sty
Package: hycolor 2020-01-27 v1.10 Color options for hyperref/bookmark (HO)
)
(e:/0_General/Environment/Texlive/2023/texmf-dist/tex/latex/letltxmacro/letltxm
acro.sty
Package: letltxmacro 2019/12/03 v1.6 Let assignment for LaTeX macros (HO)
)
(e:/0_General/Environment/Texlive/2023/texmf-dist/tex/latex/auxhook/auxhook.sty
Package: auxhook 2019-12-17 v1.6 Hooks for auxiliary files (HO)
)
(e:/0_General/Environment/Texlive/2023/texmf-dist/tex/latex/hyperref/nameref.st
y
Package: nameref 2022-05-17 v2.50 Cross-referencing by name of section

(e:/0_General/Environment/Texlive/2023/texmf-dist/tex/latex/refcount/refcount.s
ty
Package: refcount 2019/12/15 v3.6 Data extraction from label references (HO)
)
(e:/0_General/Environment/Texlive/2023/texmf-dist/tex/generic/gettitlestring/ge
ttitlestring.sty
Package: gettitlestring 2019/12/15 v1.6 Cleanup title references (HO)

(e:/0_General/Environment/Texlive/2023/texmf-dist/tex/latex/kvoptions/kvoptions
.sty
Package: kvoptions 2022-06-15 v3.15 Key value format for package options (HO)
))
\c@section@level=\count289
)
\@linkdim=\dimen177
\Hy@linkcounter=\count290
\Hy@pagecounter=\count291

(e:/0_General/Environment/Texlive/2023/texmf-dist/tex/latex/hyperref/pd1enc.def
File: pd1enc.def 2023-02-07 v7.00v Hyperref: PDFDocEncoding definition (HO)
)
(e:/0_General/Environment/Texlive/2023/texmf-dist/tex/generic/intcalc/intcalc.s
ty
Package: intcalc 2019/12/15 v1.3 Expandable calculations with integers (HO)
)
(e:/0_General/Environment/Texlive/2023/texmf-dist/tex/generic/etexcmds/etexcmds
.sty
Package: etexcmds 2019/12/15 v1.7 Avoid name clashes with e-TeX commands (HO)
)
\Hy@SavedSpaceFactor=\count292

(e:/0_General/Environment/Texlive/2023/texmf-dist/tex/latex/hyperref/puenc.def
File: puenc.def 2023-02-07 v7.00v Hyperref: PDF Unicode definition (HO)
)
Package hyperref Info: Option `unicode' set `true' on input line 4060.
Package hyperref Info: Hyper figures OFF on input line 4177.
Package hyperref Info: Link nesting OFF on input line 4182.
Package hyperref Info: Hyper index ON on input line 4185.
Package hyperref Info: Plain pages OFF on input line 4192.
Package hyperref Info: Backreferencing OFF on input line 4197.
Package hyperref Info: Implicit mode ON; LaTeX internals redefined.
Package hyperref Info: Bookmarks ON on input line 4425.
\c@Hy@tempcnt=\count293
(e:/0_General/Environment/Texlive/2023/texmf-dist/tex/latex/url/url.sty
\Urlmuskip=\muskip17
Package: url 2013/09/16  ver 3.4  Verb mode for urls, etc.
)
LaTeX Info: Redefining \url on input line 4763.
\XeTeXLinkMargin=\dimen178

(e:/0_General/Environment/Texlive/2023/texmf-dist/tex/generic/bitset/bitset.sty
Package: bitset 2019/12/09 v1.3 Handle bit-vector datatype (HO)

(e:/0_General/Environment/Texlive/2023/texmf-dist/tex/generic/bigintcalc/bigint
calc.sty
Package: bigintcalc 2019/12/15 v1.5 Expandable calculations on big integers (HO
)
))
\Fld@menulength=\count294
\Field@Width=\dimen179
\Fld@charsize=\dimen180
Package hyperref Info: Hyper figures OFF on input line 6042.
Package hyperref Info: Link nesting OFF on input line 6047.
Package hyperref Info: Hyper index ON on input line 6050.
Package hyperref Info: backreferencing OFF on input line 6057.
Package hyperref Info: Link coloring OFF on input line 6062.
Package hyperref Info: Link coloring with OCG OFF on input line 6067.
Package hyperref Info: PDF/A mode OFF on input line 6072.

(e:/0_General/Environment/Texlive/2023/texmf-dist/tex/latex/base/atbegshi-ltx.s
ty
Package: atbegshi-ltx 2021/01/10 v1.0c Emulation of the original atbegshi
package with kernel methods
)
\Hy@abspage=\count295
\c@Item=\count296
\c@Hfootnote=\count297
)
Package hyperref Info: Driver (autodetected): hxetex.

(e:/0_General/Environment/Texlive/2023/texmf-dist/tex/latex/hyperref/hxetex.def
File: hxetex.def 2023-02-07 v7.00v Hyperref driver for XeTeX

(e:/0_General/Environment/Texlive/2023/texmf-dist/tex/generic/stringenc/stringe
nc.sty
Package: stringenc 2019/11/29 v1.12 Convert strings between diff. encodings (HO
)
)
\pdfm@box=\box57
\c@Hy@AnnotLevel=\count298
\HyField@AnnotCount=\count299
\Fld@listcount=\count300
\c@bookmark@seq@number=\count301

(e:/0_General/Environment/Texlive/2023/texmf-dist/tex/latex/rerunfilecheck/reru
nfilecheck.sty
Package: rerunfilecheck 2022-07-10 v1.10 Rerun checks for auxiliary files (HO)

(e:/0_General/Environment/Texlive/2023/texmf-dist/tex/latex/base/atveryend-ltx.
sty
Package: atveryend-ltx 2020/08/19 v1.0a Emulation of the original atveryend pac
kage
with kernel methods
)
(e:/0_General/Environment/Texlive/2023/texmf-dist/tex/generic/uniquecounter/uni
quecounter.sty
Package: uniquecounter 2019/12/15 v1.4 Provide unlimited unique counter (HO)
)
Package uniquecounter Info: New unique counter `rerunfilecheck' on input line 2
85.
)
\Hy@SectionHShift=\skip59
)
(e:/0_General/Environment/Texlive/2023/texmf-dist/tex/latex/makecell/makecell.s
ty
Package: makecell 2009/08/03 V0.1e Managing of Tab Column Heads and Cells
 (e:/0_General/Environment/Texlive/2023/texmf-dist/tex/latex/tools/array.sty
Package: array 2022/09/04 v2.5g Tabular extension package (FMi)
\col@sep=\dimen181
\ar@mcellbox=\box58
\extrarowheight=\dimen182
\NC@list=\toks19
\extratabsurround=\skip60
\backup@length=\skip61
\ar@cellbox=\box59
)
\rotheadsize=\dimen183
\c@nlinenum=\count302
\TeXr@lab=\toks20
)
(e:/0_General/Environment/Texlive/2023/texmf-dist/tex/latex/listings/listings.s
ty
\lst@mode=\count303
\lst@gtempboxa=\box60
\lst@token=\toks21
\lst@length=\count304
\lst@currlwidth=\dimen184
\lst@column=\count305
\lst@pos=\count306
\lst@lostspace=\dimen185
\lst@width=\dimen186
\lst@newlines=\count307
\lst@lineno=\count308
\lst@maxwidth=\dimen187

(e:/0_General/Environment/Texlive/2023/texmf-dist/tex/latex/listings/lstmisc.st
y
File: lstmisc.sty 2023/02/27 1.9 (Carsten Heinz)
\c@lstnumber=\count309
\lst@skipnumbers=\count310
\lst@framebox=\box61
)
(e:/0_General/Environment/Texlive/2023/texmf-dist/tex/latex/listings/listings.c
fg
File: listings.cfg 2023/02/27 1.9 listings configuration
))
Package: listings 2023/02/27 1.9 (Carsten Heinz)

(e:/0_General/Environment/Texlive/2023/texmf-dist/tex/xelatex/xecjk/xeCJK-listi
ngs.sty
Package: xeCJK-listings 2022/08/05 v3.9.1 xeCJK patch file for listings
\l__xeCJK_listings_max_char_int=\count311
\l__xeCJK_listings_flag_int=\count312
) (./公交安全管理系统报告.aux)
\openout1 = `公交安全管理系统报告.aux'.

LaTeX Font Info:    Checking defaults for OML/cmm/m/it on input line 11.
LaTeX Font Info:    ... okay on input line 11.
LaTeX Font Info:    Checking defaults for OMS/cmsy/m/n on input line 11.
LaTeX Font Info:    ... okay on input line 11.
LaTeX Font Info:    Checking defaults for OT1/cmr/m/n on input line 11.
LaTeX Font Info:    ... okay on input line 11.
LaTeX Font Info:    Checking defaults for T1/cmr/m/n on input line 11.
LaTeX Font Info:    ... okay on input line 11.
LaTeX Font Info:    Checking defaults for TS1/cmr/m/n on input line 11.
LaTeX Font Info:    ... okay on input line 11.
LaTeX Font Info:    Checking defaults for TU/lmr/m/n on input line 11.
LaTeX Font Info:    ... okay on input line 11.
LaTeX Font Info:    Checking defaults for OMX/cmex/m/n on input line 11.
LaTeX Font Info:    ... okay on input line 11.
LaTeX Font Info:    Checking defaults for U/cmr/m/n on input line 11.
LaTeX Font Info:    ... okay on input line 11.
LaTeX Font Info:    Checking defaults for PD1/pdf/m/n on input line 11.
LaTeX Font Info:    ... okay on input line 11.
LaTeX Font Info:    Checking defaults for PU/pdf/m/n on input line 11.
LaTeX Font Info:    ... okay on input line 11.

Package fontspec Info: Adjusting the maths setup (use [no-math] to avoid
(fontspec)             this).

\symlegacymaths=\mathgroup4
LaTeX Font Info:    Overwriting symbol font `legacymaths' in version `bold'
(Font)                  OT1/cmr/m/n --> OT1/cmr/bx/n on input line 11.
LaTeX Font Info:    Redeclaring math accent \acute on input line 11.
LaTeX Font Info:    Redeclaring math accent \grave on input line 11.
LaTeX Font Info:    Redeclaring math accent \ddot on input line 11.
LaTeX Font Info:    Redeclaring math accent \tilde on input line 11.
LaTeX Font Info:    Redeclaring math accent \bar on input line 11.
LaTeX Font Info:    Redeclaring math accent \breve on input line 11.
LaTeX Font Info:    Redeclaring math accent \check on input line 11.
LaTeX Font Info:    Redeclaring math accent \hat on input line 11.
LaTeX Font Info:    Redeclaring math accent \dot on input line 11.
LaTeX Font Info:    Redeclaring math accent \mathring on input line 11.
LaTeX Font Info:    Redeclaring math symbol \colon on input line 11.
LaTeX Font Info:    Redeclaring math symbol \Gamma on input line 11.
LaTeX Font Info:    Redeclaring math symbol \Delta on input line 11.
LaTeX Font Info:    Redeclaring math symbol \Theta on input line 11.
LaTeX Font Info:    Redeclaring math symbol \Lambda on input line 11.
LaTeX Font Info:    Redeclaring math symbol \Xi on input line 11.
LaTeX Font Info:    Redeclaring math symbol \Pi on input line 11.
LaTeX Font Info:    Redeclaring math symbol \Sigma on input line 11.
LaTeX Font Info:    Redeclaring math symbol \Upsilon on input line 11.
LaTeX Font Info:    Redeclaring math symbol \Phi on input line 11.
LaTeX Font Info:    Redeclaring math symbol \Psi on input line 11.
LaTeX Font Info:    Redeclaring math symbol \Omega on input line 11.
LaTeX Font Info:    Redeclaring math symbol \mathdollar on input line 11.
LaTeX Font Info:    Redeclaring symbol font `operators' on input line 11.
LaTeX Font Info:    Encoding `OT1' has changed to `TU' for symbol font
(Font)              `operators' in the math version `normal' on input line 11.
LaTeX Font Info:    Overwriting symbol font `operators' in version `normal'
(Font)                  OT1/cmr/m/n --> TU/lmr/m/n on input line 11.
LaTeX Font Info:    Encoding `OT1' has changed to `TU' for symbol font
(Font)              `operators' in the math version `bold' on input line 11.
LaTeX Font Info:    Overwriting symbol font `operators' in version `bold'
(Font)                  OT1/cmr/bx/n --> TU/lmr/m/n on input line 11.
LaTeX Font Info:    Overwriting symbol font `operators' in version `normal'
(Font)                  TU/lmr/m/n --> TU/lmr/m/n on input line 11.
LaTeX Font Info:    Overwriting math alphabet `\mathit' in version `normal'
(Font)                  OT1/cmr/m/it --> TU/lmr/m/it on input line 11.
LaTeX Font Info:    Overwriting math alphabet `\mathbf' in version `normal'
(Font)                  OT1/cmr/bx/n --> TU/lmr/b/n on input line 11.
LaTeX Font Info:    Overwriting math alphabet `\mathsf' in version `normal'
(Font)                  OT1/cmss/m/n --> TU/lmss/m/n on input line 11.
LaTeX Font Info:    Overwriting math alphabet `\mathtt' in version `normal'
(Font)                  OT1/cmtt/m/n --> TU/lmtt/m/n on input line 11.
LaTeX Font Info:    Overwriting symbol font `operators' in version `bold'
(Font)                  TU/lmr/m/n --> TU/lmr/b/n on input line 11.
LaTeX Font Info:    Overwriting math alphabet `\mathit' in version `bold'
(Font)                  OT1/cmr/bx/it --> TU/lmr/b/it on input line 11.
LaTeX Font Info:    Overwriting math alphabet `\mathsf' in version `bold'
(Font)                  OT1/cmss/bx/n --> TU/lmss/b/n on input line 11.
LaTeX Font Info:    Overwriting math alphabet `\mathtt' in version `bold'
(Font)                  OT1/cmtt/m/n --> TU/lmtt/b/n on input line 11.
Package hyperref Info: Link coloring OFF on input line 11.
 (./公交安全管理系统报告.out) (./公交安全管理系统报告.out)
\@outlinefile=\write3
\openout3 = `公交安全管理系统报告.out'.

\c@lstlisting=\count313
LaTeX Font Info:    External font `cmex10' loaded for size
(Font)              <12.045> on input line 13.
LaTeX Font Info:    External font `cmex10' loaded for size
(Font)              <8> on input line 13.
LaTeX Font Info:    External font `cmex10' loaded for size
(Font)              <6> on input line 13.

Overfull \hbox (9.21382pt too wide) in paragraph at lines 30--31
[]\TU/SimSun(0)/m/n/10.53937 开 发 一 个 公 交 安 全 管 理 系 统 来 对 数 据 库 进 行 访 问，|  可 以 使
 用 \TU/lmr/m/n/10.53937 Java\TU/SimSun(0)/m/n/10.53937 、| \TU/lmr/m/n/10.53937 
Python\TU/SimSun(0)/m/n/10.53937 、|
 []

[1

]
File: figures/fig1.png Graphic file (type bmp)
<figures/fig1.png>
 [2] [3] [4] [5]
(e:/0_General/Environment/Texlive/2023/texmf-dist/tex/latex/listings/lstlang1.s
ty
File: lstlang1.sty 2023/02/27 1.9 listings language file
)
Overfull \hbox (116.62898pt too wide) in paragraph at lines 127--128
[][][][][][][][][][][][][] 
 []

[6]
Overfull \hbox (274.7211pt too wide) in paragraph at lines 133--134
[][][][][][][][][][][][][][][][][][][][][][][][][][][] 
 []


Overfull \hbox (9.12634pt too wide) in paragraph at lines 137--138
[][][][][][][][][][][][][][][][][][][][][] 
 []


Overfull \hbox (160.89478pt too wide) in paragraph at lines 139--141
[][][][][][][][][][][][][][][][][][][][][][] 
 []


Overfull \hbox (2.80266pt too wide) in paragraph at lines 142--143
[][][][][][][][][][][][][][][][][][][][][] 
 []


Overfull \hbox (9.12634pt too wide) in paragraph at lines 143--145
[][][][][][][][][][][][][][][][] 
 []


Overfull \hbox (15.45003pt too wide) in paragraph at lines 145--146
[][][][][][][][][][][][][][][][][] 
 []


Overfull \hbox (268.39742pt too wide) in paragraph at lines 151--152
[][][][][][][][][][][][][][][][][][][][][][][][][] 
 []


Overfull \hbox (59.71582pt too wide) in paragraph at lines 153--155
[][][][][][][][][][][][][][][][][][] 
 []


Overfull \hbox (9.12634pt too wide) in paragraph at lines 156--157
[][][][][][][][][][][][][][][][][][][][][][] 
 []

[7]
Overfull \hbox (78.68687pt too wide) in paragraph at lines 161--162
[][][][][][][][][][][][][][][][][][][] 
 []


Overfull \hbox (66.0395pt too wide) in paragraph at lines 162--164
[][][][][][][][][][][][][][][][][][][] 
 []


Overfull \hbox (40.74477pt too wide) in paragraph at lines 173--174
[][][][][][][][][][][][][][][][][][][] 
 []


Overfull \hbox (21.77371pt too wide) in paragraph at lines 174--175
[][][][][][][][][][][][][][][][][][][] 
 []


Overfull \hbox (78.68687pt too wide) in paragraph at lines 175--176
[][][][][][][][][][][][][][][][][][][] 
 []


Overfull \hbox (129.27635pt too wide) in paragraph at lines 176--178
[][][][][][][][][][][][][][][][][][][][][][][] 
 []


Overfull \hbox (15.45003pt too wide) in paragraph at lines 179--180
[][][][][][][][][][][][][][][][][][][][] 
 []

[8]
Overfull \hbox (394.87111pt too wide) in paragraph at lines 194--195
[][][][][][][][][][][][][][][][][][][][][][][][][][] 
 []


Overfull \hbox (407.51848pt too wide) in paragraph at lines 195--196
[][][][][][][][][][][][][][][][][][][][][][][][][][] 
 []


Overfull \hbox (28.0974pt too wide) in paragraph at lines 200--201
[][][][][][][][][][][][][][][][][][][][][][][] 
 []


Overfull \hbox (40.74477pt too wide) in paragraph at lines 201--202
[][][][][][][][][][][][][][][][][][][][][][][] 
 []


Overfull \hbox (407.51848pt too wide) in paragraph at lines 202--203
[][][][][][][][][][][][][][][][][][][][][][][][][][] 
 []


Overfull \hbox (407.51848pt too wide) in paragraph at lines 203--204
[][][][][][][][][][][][][][][][][][][][][][][][][][] 
 []


Overfull \hbox (394.87111pt too wide) in paragraph at lines 204--205
[][][][][][][][][][][][][][][][][][][][][][][][][][] 
 []


Overfull \hbox (407.51848pt too wide) in paragraph at lines 205--206
[][][][][][][][][][][][][][][][][][][][][][][][][][] 
 []


Overfull \hbox (287.36847pt too wide) in paragraph at lines 206--207
[][][][][][][][][][][][][][][][][][][][][][][][][][][][][][][][][][][][][] 
 []


Overfull \hbox (249.42636pt too wide) in paragraph at lines 207--208
[][][][][][][][][][][][][][][][][][][][][][][][][][][][][][][][][][][][][] 
 []


(e:/0_General/Environment/Texlive/2023/texmf-dist/tex/latex/listings/lstlang1.s
ty
File: lstlang1.sty 2023/02/27 1.9 listings language file
) [9]
Overfull \hbox (47.06845pt too wide) in paragraph at lines 245--246
[][][][][][][][][][][][][][][][][][][][] 
 []


Overfull \hbox (47.06845pt too wide) in paragraph at lines 251--252
[][][][][][][][][][][][][][][][][][][][] 
 []


Overfull \hbox (47.06845pt too wide) in paragraph at lines 257--258
[][][][][][][][][][][][][][][][][][][][] 
 []

[10]
Overfull \hbox (249.42636pt too wide) in paragraph at lines 262--263
[][][][][][][][][][][][][][][][][][][][][][][][] 
 []


Overfull \hbox (243.10268pt too wide) in paragraph at lines 278--279
[][][][][][][][][][][][][][][][][][][][][][][][][][] 
 []


Overfull \hbox (21.77371pt too wide) in paragraph at lines 280--281
[][][][][][][][][][][][][][][][][][][][][][] 
 []


Overfull \hbox (21.77371pt too wide) in paragraph at lines 285--286
[][][][][][][][][][][][][][][][][][][][][][] 
 []


Overfull \hbox (97.65793pt too wide) in paragraph at lines 290--291
[][][][][][][][][][][][][][][][][][][][][][][][][][] 
 []


Overfull \hbox (15.45003pt too wide) in paragraph at lines 292--293
[][][][][][][][][][][][][][][] 
 []

[11]
Overfull \hbox (47.06845pt too wide) in paragraph at lines 296--297
[][][][][][][][][][][][][][][][][][][][][][] 
 []


Overfull \hbox (40.74477pt too wide) in paragraph at lines 309--310
[][][][][][][][][][][][][][][][][][][] 
 []


Overfull \hbox (300.01584pt too wide) in paragraph at lines 313--314
[][][][][][][][][][][][][][][][][][][][][][][][][][][][][][][][][] 
 []


Overfull \hbox (21.77371pt too wide) in paragraph at lines 316--317
[][][][][][][][][][][][][][][] 
 []


Overfull \hbox (369.57637pt too wide) in paragraph at lines 321--322
[][][][][][][][][][][][][][][][][][][][][][][][][][][][][] 
 []

[12]
Overfull \hbox (160.89478pt too wide) in paragraph at lines 358--359
[][][][][][][][][][][][][][][][][][][][][][][][][][] 
 []

[13]
Overfull \hbox (160.89478pt too wide) in paragraph at lines 360--361
[][][][][][][][][][][][][][][][][][][][][][][][][][] 
 []


Overfull \hbox (15.45003pt too wide) in paragraph at lines 362--363
[][][][][][][][][][][][][][][] 
 []


Overfull \hbox (47.06845pt too wide) in paragraph at lines 364--365
[][][][][][][][][][][][][][][][][][][][][][][][][][][][] 
 []


Overfull \hbox (15.45003pt too wide) in paragraph at lines 368--369
[][][][][][][][][][][][][][][][][][][] 
 []


Overfull \hbox (167.21846pt too wide) in paragraph at lines 387--388
[][][][][][][][][][][][][][][][][][][][][] 
 []


Overfull \hbox (281.04478pt too wide) in paragraph at lines 391--392
[][][][][][][][][][][][][][][][][][][][][][][][][][][][][][][][][] 
 []

[14]
Overfull \hbox (255.75005pt too wide) in paragraph at lines 393--394
[][][][][][][][][][][][][][][][][][][][][][][][][][][][][][][][][] 
 []


Overfull \hbox (9.12634pt too wide) in paragraph at lines 396--397
[][][][][][][][][][][][][][][] 
 []


Overfull \hbox (1488.86856pt too wide) in paragraph at lines 402--403
[][][][][][][][][][][][][][][][][][][][][][][][][][][][][][][][][][][][][][][][
][][][][][][][][][][][][][][][] 
 []


Overfull \hbox (53.39214pt too wide) in paragraph at lines 407--408
[][][][][][][][][][][][][][][] 
 []


Overfull \hbox (2.80266pt too wide) in paragraph at lines 416--417
[][][][][][][][][][][][][][][][] 
 []


Overfull \hbox (470.75533pt too wide) in paragraph at lines 420--421
[][][][][][][][][][][][][][][][][][][][][][][][][][][][][][][] 
 []


Overfull \hbox (21.77371pt too wide) in paragraph at lines 421--422
[][][][][][][][][][][][] 
 []

[15]
Overfull \hbox (527.66849pt too wide) in paragraph at lines 427--428
[][][][][][][][][][][][][][][][][][][][][][][][][][][][][][][] 
 []


Overfull \hbox (40.74477pt too wide) in paragraph at lines 428--429
[][][][][][][][][][][][] 
 []


Overfull \hbox (888.11852pt too wide) in paragraph at lines 436--437
[][][][][][][][][][][][][][][][][][][][][][][][][][][][][][][][][][][][][][][][
][][][][][][][][][][][][][][][][][] 
 []


Overfull \hbox (1115.77116pt too wide) in paragraph at lines 441--442
[][][][][][][][][][][][][][][][][][][][][][][][][][][][][][][][][][][][][][][][
][][][][][][][][][][][][][][][][][][][] 
 []


Overfull \hbox (21.77371pt too wide) in paragraph at lines 443--444
[][][][][][][][][][] 
 []


Overfull \hbox (2.80266pt too wide) in paragraph at lines 451--452
[][][][][][][][][][][][] 
 []


Overfull \hbox (698.40797pt too wide) in paragraph at lines 452--453
[][][][][][][][][][][][][][][][][][][][][][][][][][][][][][][][][][][][][][][][
][][][][][] 
 []


Overfull \hbox (502.37375pt too wide) in paragraph at lines 457--458
[][][][][][][][][][][][][][][][][][][][][][][][][][][][][][][][][][][][] 
 []

[16]
Overfull \hbox (1141.0659pt too wide) in paragraph at lines 463--464
[][][][][][][][][][][][][][][][][][][][][][][][][][][][][][][][][][][][][][][][
][][][][][][][][][][][][][][][][][][][][][][][][][][][][][][][][] 
 []


Overfull \hbox (502.37375pt too wide) in paragraph at lines 468--469
[][][][][][][][][][][][][][][][][][][][][][][][][][][][][][][][][][][][] 
 []


Overfull \hbox (47.06845pt too wide) in paragraph at lines 475--476
[][][][][][][][][][][][][][][][][][][][][][][][][][][][] 
 []


Overfull \hbox (312.66321pt too wide) in paragraph at lines 478--480
[][][][][][][][][][][][][][][][][][][][][][][][][][][][][][][][] 
 []


Overfull \hbox (59.71582pt too wide) in paragraph at lines 488--489
[][][][][][][][][][][][][][][][][] 
 []

[17]
Overfull \hbox (369.57637pt too wide) in paragraph at lines 495--497
[][][][][][][][][][][][][][][][][][][][][] 
 []


Overfull \hbox (28.0974pt too wide) in paragraph at lines 499--500
[][][][][][][][][][][][][][][][] 
 []


Overfull \hbox (66.0395pt too wide) in paragraph at lines 500--501
[][][][][][][][][][][][] 
 []


Overfull \hbox (382.22374pt too wide) in paragraph at lines 501--502
[][][][][][][][][][][][][][][][][][][][][] 
 []


Overfull \hbox (1261.21591pt too wide) in paragraph at lines 509--510
[][][][][][][][][][][][][][][][][][][][][][][][][][][][][][][][][][][][][][][][
][][][][][][][][][][][][][][][][][][][][][][][][][][][][][][] 
 []


Overfull \hbox (224.13162pt too wide) in paragraph at lines 510--512
[][][][][][][][][][][][][][][][][][][][][][][][][][][][][][][][][][] 
 []


Overfull \hbox (141.92372pt too wide) in paragraph at lines 512--513
[][][][][][][][][][][][] 
 []


Overfull \hbox (439.1369pt too wide) in paragraph at lines 513--514
[][][][][][][][][][][][][][][][][][][][][] 
 []


Overfull \hbox (824.88167pt too wide) in paragraph at lines 515--516
[][][][][][][][][][][][][][][][][][][][][][][][][][][][][][][][][][][][][][][][
][][][][][][] 
 []


Overfull \hbox (1134.74222pt too wide) in paragraph at lines 522--523
[][][][][][][][][][][][][][][][][][][][][][][][][][][][][][][][][][][][][][][][
][][][][][][][][][][][][][][][][][][][][][] 
 []

[18]
Overfull \hbox (34.42108pt too wide) in paragraph at lines 525--526
[][][][][][][][][][] 
 []


Overfull \hbox (85.01056pt too wide) in paragraph at lines 526--527
[][][][][][][][][][][][][] 
 []


Overfull \hbox (590.90533pt too wide) in paragraph at lines 528--529
[][][][][][][][][][][][][][][][][][][][][][][][][][][][][][][][][][][][][][][][
][][] 
 []


Overfull \hbox (862.82378pt too wide) in paragraph at lines 530--531
[][][][][][][][][][][][][][][][][][][][][][][][][][][][][][][][][][][][][][][][
][][][][][][][][] 
 []


Overfull \hbox (34.42108pt too wide) in paragraph at lines 533--534
[][][][][][][][][][] 
 []


Overfull \hbox (85.01056pt too wide) in paragraph at lines 534--535
[][][][][][][][][][][][][] 
 []


Overfull \hbox (578.25797pt too wide) in paragraph at lines 536--537
[][][][][][][][][][][][][][][][][][][][][][][][][][][][][][][][][][][][][][][][
][][] 
 []


Overfull \hbox (53.39214pt too wide) in paragraph at lines 538--539
[][][][][][][][][][][][][] 
 []


Overfull \hbox (274.7211pt too wide) in paragraph at lines 539--541
[][][][][][][][][][][][][][][][][][][][][][][][][][][][] 
 []


Overfull \hbox (1109.44748pt too wide) in paragraph at lines 543--544
[][][][][][][][][][][][][][][][][][][][][][][][][][][][][][][][][][][][][][][][
][][][][][][][][][][][][][][][][][][][][][] 
 []


Overfull \hbox (34.42108pt too wide) in paragraph at lines 546--547
[][][][][][][][][][] 
 []


Overfull \hbox (85.01056pt too wide) in paragraph at lines 547--548
[][][][][][][][][][][][][] 
 []


Overfull \hbox (584.58165pt too wide) in paragraph at lines 549--550
[][][][][][][][][][][][][][][][][][][][][][][][][][][][][][][][][][][][][][][][
][][][][][] 
 []


Overfull \hbox (837.52904pt too wide) in paragraph at lines 551--552
[][][][][][][][][][][][][][][][][][][][][][][][][][][][][][][][][][][][][][][][
][][][][][][][][] 
 []


Overfull \hbox (34.42108pt too wide) in paragraph at lines 554--555
[][][][][][][][][][] 
 []


Overfull \hbox (85.01056pt too wide) in paragraph at lines 555--556
[][][][][][][][][][][][][] 
 []


Overfull \hbox (571.93428pt too wide) in paragraph at lines 557--558
[][][][][][][][][][][][][][][][][][][][][][][][][][][][][][][][][][][][][][][][
][][][][][] 
 []

[19]
Overfull \hbox (312.66321pt too wide) in paragraph at lines 559--560
[][][][][][][][][][][][][][][][][][][][][][][][][][][] 
 []


Overfull \hbox (59.71582pt too wide) in paragraph at lines 563--564
[][][][][][][][][][][][][] 
 []


Overfull \hbox (325.31058pt too wide) in paragraph at lines 565--566
[][][][][][][][][][][][][][][][][][][][][][][][][][][][][][][][][] 
 []


Overfull \hbox (192.5132pt too wide) in paragraph at lines 567--568
[][][][][][][][][][][][][][][][][][][][][][][][][][][][][][][][] 
 []


Overfull \hbox (356.929pt too wide) in paragraph at lines 568--570
[][][][][][][][][][][][][][][][][][][][][][][][][][][][][][][][][][][][][][] 
 []


Overfull \hbox (47.06845pt too wide) in paragraph at lines 570--571
[][][][][][][][][][] 
 []


Overfull \hbox (932.38431pt too wide) in paragraph at lines 571--572
[][][][][][][][][][][][][][][][][][][][][][][][][][][][][][][][][][][][][][][][
][][][][] 
 []


Overfull \hbox (799.58693pt too wide) in paragraph at lines 580--581
[][][][][][][][][][][][][][][][][][][][][][][][][][][][][][][][][][][][][][][][
][][][][][][][][][][][][][][][][][][][][][][][][][][] 
 []


Overfull \hbox (72.36319pt too wide) in paragraph at lines 587--588
[][][][][][][][][][][][] 
 []

[20]
Overfull \hbox (110.3053pt too wide) in paragraph at lines 595--596
[][][][][][][][][][][][][][][][][][][][][] 
 []


Overfull \hbox (28.0974pt too wide) in paragraph at lines 597--598
[][][][][][][][][][][][] 
 []


Overfull \hbox (91.33424pt too wide) in paragraph at lines 598--599
[][][][][][][][][][][][][][][][][][][][][][][] 
 []


Overfull \hbox (2.80266pt too wide) in paragraph at lines 599--600
[][][][][][][][][][][][][][][][][][] 
 []


Overfull \hbox (243.10268pt too wide) in paragraph at lines 601--602
[][][][][][][][][][][][][][][][][][][][][][] 
 []


Overfull \hbox (47.06845pt too wide) in paragraph at lines 604--605
[][][][][][][][][][][][][][][][][][][] 
 []


Overfull \hbox (15.45003pt too wide) in paragraph at lines 606--607
[][][][][][][][][][][][][][][] 
 []


Overfull \hbox (28.0974pt too wide) in paragraph at lines 608--609
[][][][][][][][][][][][][][][][][] 
 []


Overfull \hbox (148.2474pt too wide) in paragraph at lines 609--610
[][][][][][][][][][][][][][][][][][][][][][][][][][][][] 
 []


Overfull \hbox (122.95267pt too wide) in paragraph at lines 611--612
[][][][][][][][][][][][][][][] 
 []

[21] [22] (./公交安全管理系统报告.aux)
Package rerunfilecheck Info: File `公交安全管理系统报告.out' has not changed.
(rerunfilecheck)             Checksum: A2F25E56E742B7B22B1F399B8F09B011;1579.
 ) 
Here is how much of TeX's memory you used:
 15942 strings out of 476683
 358506 string characters out of 5807575
 1928012 words of memory out of 5000000
 35972 multiletter control sequences out of 15000+600000
 517425 words of font info for 74 fonts, out of 8000000 for 9000
 1348 hyphenation exceptions out of 8191
 89i,6n,97p,422b,1915s stack positions out of 10000i,1000n,20000p,200000b,200000s

Output written on 公交安全管理系统报告.pdf (22 pages).
